<?xml version="1.0" encoding="UTF-8"?>
<testsuite xmlns:xsi="http://www.w3.org/2001/XMLSchema-instance" xsi:schemaLocation="https://maven.apache.org/surefire/maven-surefire-plugin/xsd/surefire-test-report.xsd" name="RunCukeTest" time="147.384" tests="12" errors="0" skipped="0" failures="4">
  <properties>
    <property name="java.runtime.name" value="Java(TM) SE Runtime Environment"/>
    <property name="sun.boot.library.path" value="C:\Program Files\Java\jdk1.7.0_65\jre\bin"/>
    <property name="java.vm.version" value="24.65-b04"/>
    <property name="java.vm.vendor" value="Oracle Corporation"/>
    <property name="java.vendor.url" value="http://java.oracle.com/"/>
    <property name="path.separator" value=";"/>
    <property name="guice.disable.misplaced.annotation.check" value="true"/>
    <property name="java.vm.name" value="Java HotSpot(TM) 64-Bit Server VM"/>
    <property name="file.encoding.pkg" value="sun.io"/>
    <property name="user.script" value=""/>
    <property name="user.country" value="GB"/>
    <property name="sun.java.launcher" value="SUN_STANDARD"/>
    <property name="sun.os.patch.level" value="Service Pack 1"/>
    <property name="test" value="RunCukeTest"/>
    <property name="java.vm.specification.name" value="Java Virtual Machine Specification"/>
    <property name="user.dir" value="C:\Personal\Work\Projects\SpringMavenNov21Proj"/>
    <property name="java.runtime.version" value="1.7.0_65-b19"/>
    <property name="java.awt.graphicsenv" value="sun.awt.Win32GraphicsEnvironment"/>
    <property name="java.endorsed.dirs" value="C:\Program Files\Java\jdk1.7.0_65\jre\lib\endorsed"/>
    <property name="os.arch" value="amd64"/>
    <property name="java.io.tmpdir" value="C:\Users\UC181137\AppData\Local\Temp\"/>
    <property name="line.separator" value="&#10;"/>
    <property name="java.vm.specification.vendor" value="Oracle Corporation"/>
    <property name="user.variant" value=""/>
    <property name="os.name" value="Windows 7"/>
    <property name="classworlds.conf" value="C:\Program Files\Maven\apache-maven-3.2.1\bin\..\bin\m2.conf"/>
    <property name="sun.jnu.encoding" value="Cp1252"/>
    <property name="java.library.path" value="C:\Program Files\Java\jdk1.7.0_65\bin;C:\windows\Sun\Java\bin;C:\windows\system32;C:\windows;C:\windows\system32;C:\windows;C:\windows\System32\Wbem;C:\windows\System32\WindowsPowerShell\v1.0\;C:\Program Files (x86)\QuickTime\QTSystem\;C:\Program Files\Intel\WiFi\bin\;C:\Program Files\Common Files\Intel\WirelessCommon\;C:\Program Files\Java\jdk1.7.0_65\bin;C:\Program Files\Maven\apache-maven-3.2.1\bin;C:\Sikuli\libs;C:\Sikuli;C:\Softwares\adt-bundle-windows\sdk\platform-tools;C:\Softwares\adt-bundle-windows\sdk\tools;C:\Program Files (x86)\Microsoft Team Foundation Server 2010 Power Tools\;C:\Program Files (x86)\Microsoft Team Foundation Server 2010 Power Tools\Best Practices Analyzer\;C:\Softwares\chromedriver_win32;C:\Softwares\adt-bundle-windows\sdk\build-tools\19.1.0;C:\Program Files\nodejs\;C:\Program Files\TortoiseSVN\bin;C:\Program Files (x86)\Plantronics\PlantronicsURE\;C:\Ruby193\bin;C:\Users\UC181137\Downloads\libs;C:\Sikuli\libs;C:\Program Files\Java\jdk1.7.0_65\bin;C:\Program Files\Maven\apache-maven-3.2.1\bin;C:\Users\UC181137\AppData\Roaming\npm;."/>
    <property name="java.specification.name" value="Java Platform API Specification"/>
    <property name="java.class.version" value="51.0"/>
    <property name="sun.management.compiler" value="HotSpot 64-Bit Tiered Compilers"/>
    <property name="os.version" value="6.1"/>
    <property name="user.home" value="C:\Users\UC181137"/>
    <property name="user.timezone" value="Europe/London"/>
    <property name="java.awt.printerjob" value="sun.awt.windows.WPrinterJob"/>
    <property name="java.specification.version" value="1.7"/>
    <property name="file.encoding" value="Cp1252"/>
    <property name="user.name" value="UC181137"/>
    <property name="java.class.path" value="C:\Program Files\Maven\apache-maven-3.2.1\bin\..\boot\plexus-classworlds-2.5.1.jar"/>
    <property name="org.slf4j.simpleLogger.defaultLogLevel" value="info"/>
    <property name="java.vm.specification.version" value="1.7"/>
    <property name="sun.arch.data.model" value="64"/>
    <property name="java.home" value="C:\Program Files\Java\jdk1.7.0_65\jre"/>
    <property name="sun.java.command" value="org.codehaus.plexus.classworlds.launcher.Launcher clean test -Dtest=RunCukeTest"/>
    <property name="java.specification.vendor" value="Oracle Corporation"/>
    <property name="user.language" value="en"/>
    <property name="awt.toolkit" value="sun.awt.windows.WToolkit"/>
    <property name="java.vm.info" value="mixed mode"/>
    <property name="java.version" value="1.7.0_65"/>
    <property name="java.ext.dirs" value="C:\Program Files\Java\jdk1.7.0_65\jre\lib\ext;C:\windows\Sun\Java\lib\ext"/>
    <property name="sun.boot.class.path" value="C:\Program Files\Java\jdk1.7.0_65\jre\lib\resources.jar;C:\Program Files\Java\jdk1.7.0_65\jre\lib\rt.jar;C:\Program Files\Java\jdk1.7.0_65\jre\lib\sunrsasign.jar;C:\Program Files\Java\jdk1.7.0_65\jre\lib\jsse.jar;C:\Program Files\Java\jdk1.7.0_65\jre\lib\jce.jar;C:\Program Files\Java\jdk1.7.0_65\jre\lib\charsets.jar;C:\Program Files\Java\jdk1.7.0_65\jre\lib\jfr.jar;C:\Program Files\Java\jdk1.7.0_65\jre\classes"/>
    <property name="java.vendor" value="Oracle Corporation"/>
    <property name="maven.home" value="C:\Program Files\Maven\apache-maven-3.2.1\bin\.."/>
    <property name="file.separator" value="\"/>
    <property name="java.vendor.url.bug" value="http://bugreport.sun.com/bugreport/"/>
    <property name="sun.cpu.endian" value="little"/>
    <property name="sun.io.unicode.encoding" value="UnicodeLittle"/>
    <property name="sun.desktop" value="windows"/>
    <property name="sun.cpu.isalist" value="amd64"/>
  </properties>
  <testcase name="Given the user logins" classname="Scenario: Verify the Company logo" time="0.002"/>
  <testcase name="When user gets to the home page" classname="Scenario: Verify the Company logo" time="0"/>
  <testcase name="Then user should see the company logo" classname="Scenario: Verify the Company logo" time="0.007">
    <failure type="java.lang.AssertionError">java.lang.AssertionError
</failure>
    <system-out><![CDATA[user should see the company logo..!
]]></system-out>
  </testcase>
  <testcase name="Scenario: Verify the Company logo" classname="Scenario: Verify the Company logo" time="0.007">
    <failure type="java.lang.AssertionError">java.lang.AssertionError
</failure>
  </testcase>
  <testcase name="Given the user logins" classname="Scenario: Verify the History Page" time="0"/>
  <testcase name="When user clicks on &quot;History&quot; link" classname="Scenario: Verify the History Page" time="0"/>
  <testcase name="Then user should see the &quot;History&quot; page" classname="Scenario: Verify the History Page" time="0"/>
  <testcase name="Scenario: Verify the History Page" classname="Scenario: Verify the History Page" time="0.004"/>
  <testcase name="Given the user logins" classname="Scenario: Verify the Favourite Page" time="0"/>
  <testcase name="When user clicks on &quot;Favourites&quot; link" classname="Scenario: Verify the Favourite Page" time="0"/>
  <testcase name="Then user should see the &quot;Favourite&quot; page" classname="Scenario: Verify the Favourite Page" time="0.002">
    <failure type="java.lang.AssertionError">java.lang.AssertionError
</failure>
  </testcase>
  <testcase name="Scenario: Verify the Favourite Page" classname="Scenario: Verify the Favourite Page" time="0.007">
    <failure type="java.lang.AssertionError">java.lang.AssertionError
</failure>
  </testcase>
</testsuite>