<?xml version="1.0" encoding="UTF-8"?>
<testsuite xmlns:xsi="http://www.w3.org/2001/XMLSchema-instance" xsi:schemaLocation="https://maven.apache.org/surefire/maven-surefire-plugin/xsd/surefire-test-report.xsd" name="RunCukeTest" time="147.384" tests="12" errors="0" skipped="0" failures="4">
  <properties>
[...]
</properties>
  <testcase name="Given the user logins" classname="Scenario: Verify the Company logo" time="0.002"/>
  <testcase name="When user gets to the home page" classname="Scenario: Verify the Company logo" time="0"/>
  <testcase name="Then user should see the company logo" classname="Scenario: Verify the Company logo" time="0.007">
    <failure type="java.lang.AssertionError">java.lang.AssertionError
</failure>
    <system-out><![CDATA[user should see the company logo..!
]]></system-out>
  </testcase>
  <testcase name="Scenario: Verify the Company logo" classname="Scenario: Verify the Company logo" time="0.007">
    <failure type="java.lang.AssertionError">java.lang.AssertionError
</failure>
  </testcase>
  <testcase name="Given the user logins" classname="Scenario: Verify the History Page" time="0"/>
  <testcase name="When user clicks on &quot;History&quot; link" classname="Scenario: Verify the History Page" time="0"/>
  <testcase name="Then user should see the &quot;History&quot; page" classname="Scenario: Verify the History Page" time="0"/>
  <testcase name="Scenario: Verify the History Page" classname="Scenario: Verify the History Page" time="0.004"/>
  <testcase name="Given the user logins" classname="Scenario: Verify the Favourite Page" time="0"/>
  <testcase name="When user clicks on &quot;Favourites&quot; link" classname="Scenario: Verify the Favourite Page" time="0"/>
  <testcase name="Then user should see the &quot;Favourite&quot; page" classname="Scenario: Verify the Favourite Page" time="0.002">
    <failure type="java.lang.AssertionError">java.lang.AssertionError
</failure>
  </testcase>
  <testcase name="Scenario: Verify the Favourite Page" classname="Scenario: Verify the Favourite Page" time="0.007">
    <failure type="java.lang.AssertionError">java.lang.AssertionError
</failure>
  </testcase>
</testsuite>